<?xml version="1.0" encoding="UTF-8"?>
<!-- Generated by org.testng.reporters.JUnitXMLReporter -->
<testsuite ignored="0" hostname="Suchismita" failures="0" tests="12" name="chromeTests" time="27.892" errors="0" timestamp="2023-02-20T22:40:31 MST">
  <testcase classname="com.jan23Salesforce.base.SalesForceBaseTest" name="@AfterMethod tearDownAfterTestMethod" time="0.063">
    <failure type="org.openqa.selenium.NoSuchSessionException" message="invalid session id
Build info: version: &amp;apos;3.141.59&amp;apos;, revision: &amp;apos;e82be7d358&amp;apos;, time: &amp;apos;2018-11-14T08:17:03&amp;apos;
System info: host: &amp;apos;SUCHISMITA&amp;apos;, ip: &amp;apos;192.168.0.105&amp;apos;, os.name: &amp;apos;Windows 11&amp;apos;, os.arch: &amp;apos;amd64&amp;apos;, os.version: &amp;apos;10.0&amp;apos;, java.version: &amp;apos;17.0.5&amp;apos;
Driver info: org.openqa.selenium.chrome.ChromeDriver
Capabilities {acceptInsecureCerts: false, browserName: chrome, browserVersion: 110.0.5481.77, chrome: {chromedriverVersion: 110.0.5481.77 (65ed616c6e8e..., userDataDir: C:\Users\debsa\AppData\Loca...}, goog:chromeOptions: {debuggerAddress: localhost:54584}, javascriptEnabled: true, networkConnectionEnabled: false, pageLoadStrategy: normal, platform: WINDOWS, platformName: WINDOWS, proxy: Proxy(), setWindowRect: true, strictFileInteractability: false, timeouts: {implicit: 0, pageLoad: 300000, script: 30000}, unhandledPromptBehavior: dismiss and notify, webauthn:extension:credBlob: true, webauthn:extension:largeBlob: true, webauthn:virtualAuthenticators: true}
Session ID: f3a575ea6c31f6319b0f740427ebb810">
      <![CDATA[org.openqa.selenium.NoSuchSessionException: invalid session id
Build info: version: '3.141.59', revision: 'e82be7d358', time: '2018-11-14T08:17:03'
System info: host: 'SUCHISMITA', ip: '192.168.0.105', os.name: 'Windows 11', os.arch: 'amd64', os.version: '10.0', java.version: '17.0.5'
Driver info: org.openqa.selenium.chrome.ChromeDriver
Capabilities {acceptInsecureCerts: false, browserName: chrome, browserVersion: 110.0.5481.77, chrome: {chromedriverVersion: 110.0.5481.77 (65ed616c6e8e..., userDataDir: C:\Users\debsa\AppData\Loca...}, goog:chromeOptions: {debuggerAddress: localhost:54584}, javascriptEnabled: true, networkConnectionEnabled: false, pageLoadStrategy: normal, platform: WINDOWS, platformName: WINDOWS, proxy: Proxy(), setWindowRect: true, strictFileInteractability: false, timeouts: {implicit: 0, pageLoad: 300000, script: 30000}, unhandledPromptBehavior: dismiss and notify, webauthn:extension:credBlob: true, webauthn:extension:largeBlob: true, webauthn:virtualAuthenticators: true}
Session ID: f3a575ea6c31f6319b0f740427ebb810
at org.openqa.selenium.remote.http.W3CHttpResponseCodec.createException(W3CHttpResponseCodec.java:187)
at org.openqa.selenium.remote.http.W3CHttpResponseCodec.decode(W3CHttpResponseCodec.java:122)
at org.openqa.selenium.remote.http.W3CHttpResponseCodec.decode(W3CHttpResponseCodec.java:49)
at org.openqa.selenium.remote.HttpCommandExecutor.execute(HttpCommandExecutor.java:158)
at org.openqa.selenium.remote.service.DriverCommandExecutor.execute(DriverCommandExecutor.java:83)
at org.openqa.selenium.remote.RemoteWebDriver.execute(RemoteWebDriver.java:552)
at org.openqa.selenium.remote.RemoteWebDriver.execute(RemoteWebDriver.java:609)
at org.openqa.selenium.remote.RemoteWebDriver.close(RemoteWebDriver.java:442)
at com.jan23Salesforce.base.SalesForceBaseTest.tearDownAfterTestMethod(SalesForceBaseTest.java:71)
at java.base/java.util.ArrayList.forEach(ArrayList.java:1511)
... Removed 37 stack frames]]>
    </failure>
  </testcase> <!-- @AfterMethod tearDownAfterTestMethod -->
  <testcase classname="com.jan23Salesforce.base.SalesForceBaseTest" name="@BeforeMethod setUpBeforeTestMethod" time="-1.676958031027E9">
    <skipped/>
  </testcase> <!-- @BeforeMethod setUpBeforeTestMethod -->
  <testcase classname="com.jan23Salesforce.base.SalesForceBaseTest" name="@AfterMethod tearDownAfterTestMethod" time="-1.676958031033E9">
    <skipped/>
  </testcase> <!-- @AfterMethod tearDownAfterTestMethod -->
  <testcase classname="com.jan23Salesforce.base.SalesForceBaseTest" name="@BeforeMethod setUpBeforeTestMethod" time="-1.676958031034E9">
    <skipped/>
  </testcase> <!-- @BeforeMethod setUpBeforeTestMethod -->
  <testcase classname="com.jan23Salesforce.base.SalesForceBaseTest" name="@AfterMethod tearDownAfterTestMethod" time="-1.676958031039E9">
    <skipped/>
  </testcase> <!-- @AfterMethod tearDownAfterTestMethod -->
  <testcase classname="com.jan23Salesforce.base.SalesForceBaseTest" name="@BeforeMethod setUpBeforeTestMethod" time="-1.67695803104E9">
    <skipped/>
  </testcase> <!-- @BeforeMethod setUpBeforeTestMethod -->
  <testcase classname="com.jan23Salesforce.base.SalesForceBaseTest" name="@AfterMethod tearDownAfterTestMethod" time="-1.676958031042E9">
    <skipped/>
  </testcase> <!-- @AfterMethod tearDownAfterTestMethod -->
  <testcase classname="com.jan23Salesforce.base.SalesForceBaseTest" name="@BeforeMethod setUpBeforeTestMethod" time="-1.676958031043E9">
    <skipped/>
  </testcase> <!-- @BeforeMethod setUpBeforeTestMethod -->
  <testcase classname="com.jan23Salesforce.base.SalesForceBaseTest" name="@AfterMethod tearDownAfterTestMethod" time="-1.676958031045E9">
    <skipped/>
  </testcase> <!-- @AfterMethod tearDownAfterTestMethod -->
  <testcase classname="com.jan23Salesforce.base.SalesForceBaseTest" name="@BeforeMethod setUpBeforeTestMethod" time="-1.676958031046E9">
    <skipped/>
  </testcase> <!-- @BeforeMethod setUpBeforeTestMethod -->
  <testcase classname="com.jan23Salesforce.base.SalesForceBaseTest" name="@AfterMethod tearDownAfterTestMethod" time="-1.676958031049E9">
    <skipped/>
  </testcase> <!-- @AfterMethod tearDownAfterTestMethod -->
  <testcase classname="com.jan23Salesforce.base.SalesForceBaseTest" name="@BeforeMethod setUpBeforeTestMethod" time="-1.67695803105E9">
    <skipped/>
  </testcase> <!-- @BeforeMethod setUpBeforeTestMethod -->
  <testcase classname="com.jan23Salesforce.base.SalesForceBaseTest" name="@AfterMethod tearDownAfterTestMethod" time="-1.676958031054E9">
    <skipped/>
  </testcase> <!-- @AfterMethod tearDownAfterTestMethod -->
  <testcase classname="com.jan23Salesforce.base.SalesForceBaseTest" name="@BeforeMethod setUpBeforeTestMethod" time="-1.676958031055E9">
    <skipped/>
  </testcase> <!-- @BeforeMethod setUpBeforeTestMethod -->
  <testcase classname="com.jan23Salesforce.base.SalesForceBaseTest" name="@AfterMethod tearDownAfterTestMethod" time="-1.676958031058E9">
    <skipped/>
  </testcase> <!-- @AfterMethod tearDownAfterTestMethod -->
  <testcase classname="com.jan23Salesforce.base.SalesForceBaseTest" name="@BeforeMethod setUpBeforeTestMethod" time="-1.676958031059E9">
    <skipped/>
  </testcase> <!-- @BeforeMethod setUpBeforeTestMethod -->
  <testcase classname="com.jan23Salesforce.base.SalesForceBaseTest" name="@AfterMethod tearDownAfterTestMethod" time="-1.676958031061E9">
    <skipped/>
  </testcase> <!-- @AfterMethod tearDownAfterTestMethod -->
  <testcase classname="com.jan23Salesforce.base.SalesForceBaseTest" name="@BeforeMethod setUpBeforeTestMethod" time="-1.676958031062E9">
    <skipped/>
  </testcase> <!-- @BeforeMethod setUpBeforeTestMethod -->
  <testcase classname="com.jan23Salesforce.base.SalesForceBaseTest" name="@AfterMethod tearDownAfterTestMethod" time="-1.676958031065E9">
    <skipped/>
  </testcase> <!-- @AfterMethod tearDownAfterTestMethod -->
  <testcase classname="com.jan23Salesforce.base.SalesForceBaseTest" name="@BeforeMethod setUpBeforeTestMethod" time="-1.676958031066E9">
    <skipped/>
  </testcase> <!-- @BeforeMethod setUpBeforeTestMethod -->
  <testcase classname="com.jan23Salesforce.base.SalesForceBaseTest" name="@AfterMethod tearDownAfterTestMethod" time="-1.676958031069E9">
    <skipped/>
  </testcase> <!-- @AfterMethod tearDownAfterTestMethod -->
  <testcase classname="com.jan23Salesforce.base.SalesForceBaseTest" name="@BeforeMethod setUpBeforeTestMethod" time="-1.67695803107E9">
    <skipped/>
  </testcase> <!-- @BeforeMethod setUpBeforeTestMethod -->
  <testcase classname="com.jan23Salesforce.base.SalesForceBaseTest" name="@AfterMethod tearDownAfterTestMethod" time="-1.676958031072E9">
    <skipped/>
  </testcase> <!-- @AfterMethod tearDownAfterTestMethod -->
  <testcase classname="com.jan23.Salesforce.SalesforceAutomationTest" name="Addonphotolink" time="25.015"/>
  <testcase classname="com.jan23.Salesforce.SalesforceAutomationTest" name="ClosePopupWindow" time="0.0">
    <skipped/>
  </testcase> <!-- ClosePopupWindow -->
  <testcase classname="com.jan23.Salesforce.SalesforceAutomationTest" name="CreateNewAccount" time="0.0">
    <skipped/>
  </testcase> <!-- CreateNewAccount -->
  <testcase classname="com.jan23.Salesforce.SalesforceAutomationTest" name="OpenAccountsPage" time="0.0">
    <skipped/>
  </testcase> <!-- OpenAccountsPage -->
  <testcase classname="com.jan23.Salesforce.SalesforceAutomationTest" name="Tc02" time="0.0">
    <skipped/>
  </testcase> <!-- Tc02 -->
  <testcase classname="com.jan23.Salesforce.SalesforceAutomationTest" name="Tc03" time="0.0">
    <skipped/>
  </testcase> <!-- Tc03 -->
  <testcase classname="com.jan23.Salesforce.SalesforceAutomationTest" name="Tc09" time="0.0">
    <skipped/>
  </testcase> <!-- Tc09 -->
  <testcase classname="com.jan23.Salesforce.SalesforceAutomationTest" name="errorMessage" time="0.0">
    <skipped/>
  </testcase> <!-- errorMessage -->
  <testcase classname="com.jan23.Salesforce.SalesforceAutomationTest" name="forgotPassword" time="0.0">
    <skipped/>
  </testcase> <!-- forgotPassword -->
  <testcase classname="com.jan23.Salesforce.SalesforceAutomationTest" name="loginToSalesForce" time="0.0">
    <skipped/>
  </testcase> <!-- loginToSalesForce -->
  <testcase classname="com.jan23.Salesforce.SalesforceAutomationTest" name="loginToSalesforce" time="0.0">
    <skipped/>
  </testcase> <!-- loginToSalesforce -->
  <testcase classname="com.jan23.Salesforce.SalesforceAutomationTest" name="postfilelinkClick" time="0.0">
    <skipped/>
  </testcase> <!-- postfilelinkClick -->
</testsuite> <!-- chromeTests -->
